Using pre-set license
Built from '2020.3/staging' branch; Version is '2020.3.25f1 (9b9180224418) revision 10195328'; Using compiler version '192528614'; Build Type 'Release'
OS: 'Windows 10  (10.0.19042) 64bit Core' Language: 'en' Physical Memory: 6021 MB
BatchMode: 1, IsHumanControllingUs: 0, StartBugReporterOnCrash: 0, Is64bit: 1, IsPro: 0

COMMAND LINE ARGUMENTS:
C:\Program Files\Unity\Hub\Editor\2020.3.25f1\Editor\Unity.exe
-adb2
-batchMode
-noUpm
-name
AssetImportWorker0
-projectPath
C:/Users/Jael Morel/Desktop/Angry-Birds-Replica/Angry-Birds-Replica-master/AngryBirdsReplica
-logFile
Logs/AssetImportWorker0.log
-srvPort
60579
Successfully changed project path to: C:/Users/Jael Morel/Desktop/Angry-Birds-Replica/Angry-Birds-Replica-master/AngryBirdsReplica
C:/Users/Jael Morel/Desktop/Angry-Birds-Replica/Angry-Birds-Replica-master/AngryBirdsReplica
Using Asset Import Pipeline V2.
Refreshing native plugins compatible for Editor in 80.31 ms, found 2 plugins.
Preloading 0 native plugins for Editor in 0.00 ms.
Initialize engine version: 2020.3.25f1 (9b9180224418)
[Subsystems] Discovering subsystems at path C:/Program Files/Unity/Hub/Editor/2020.3.25f1/Editor/Data/Resources/UnitySubsystems
[Subsystems] Discovering subsystems at path C:/Users/Jael Morel/Desktop/Angry-Birds-Replica/Angry-Birds-Replica-master/AngryBirdsReplica/Assets
GfxDevice: creating device client; threaded=0
Direct3D:
    Version:  Direct3D 11.0 [level 11.1]
    Renderer: NVIDIA GeForce GTX 1050 (ID=0x1c91)
    Vendor:   
    VRAM:     2996 MB
    Driver:   27.21.14.6280
Initialize mono
Mono path[0] = 'C:/Program Files/Unity/Hub/Editor/2020.3.25f1/Editor/Data/Managed'
Mono path[1] = 'C:/Program Files/Unity/Hub/Editor/2020.3.25f1/Editor/Data/MonoBleedingEdge/lib/mono/unityjit'
Mono config path = 'C:/Program Files/Unity/Hub/Editor/2020.3.25f1/Editor/Data/MonoBleedingEdge/etc'
Using monoOptions --debugger-agent=transport=dt_socket,embedding=1,server=y,suspend=n,address=127.0.0.1:56632
Begin MonoManager ReloadAssembly
Registering precompiled unity dll's ...
Register platform support module: C:/Program Files/Unity/Hub/Editor/2020.3.25f1/Editor/Data/PlaybackEngines/WindowsStandaloneSupport/UnityEditor.WindowsStandalone.Extensions.dll
Registered in 0.005847 seconds.
Native extension for WindowsStandalone target not found
Refreshing native plugins compatible for Editor in 101.46 ms, found 2 plugins.
Preloading 0 native plugins for Editor in 0.00 ms.
Mono: successfully reloaded assembly
- Completed reload, in  1.697 seconds
Domain Reload Profiling:
	ReloadAssembly (1698ms)
		BeginReloadAssembly (158ms)
			ExecutionOrderSort (0ms)
			DisableScriptedObjects (0ms)
			BackupInstance (0ms)
			ReleaseScriptingObjects (0ms)
			CreateAndSetChildDomain (2ms)
		EndReloadAssembly (1250ms)
			LoadAssemblies (150ms)
			RebuildTransferFunctionScriptingTraits (0ms)
			SetupTypeCache (304ms)
			ReleaseScriptCaches (0ms)
			RebuildScriptCaches (98ms)
			SetupLoadedEditorAssemblies (453ms)
				LogAssemblyErrors (0ms)
				InitializePlatformSupportModulesInManaged (15ms)
				SetLoadedEditorAssemblies (1ms)
				RefreshPlugins (102ms)
				BeforeProcessingInitializeOnLoad (29ms)
				ProcessInitializeOnLoadAttributes (225ms)
				ProcessInitializeOnLoadMethodAttributes (81ms)
				AfterProcessingInitializeOnLoad (0ms)
				EditorAssembliesLoaded (0ms)
			ExecutionOrderSort2 (0ms)
			AwakeInstancesAfterBackupRestoration (0ms)
Platform modules already initialized, skipping
Registering precompiled user dll's ...
Registered in 0.014154 seconds.
Begin MonoManager ReloadAssembly
Native extension for WindowsStandalone target not found
Refreshing native plugins compatible for Editor in 0.42 ms, found 2 plugins.
Preloading 0 native plugins for Editor in 0.00 ms.
Mono: successfully reloaded assembly
- Completed reload, in  2.740 seconds
Domain Reload Profiling:
	ReloadAssembly (2743ms)
		BeginReloadAssembly (501ms)
			ExecutionOrderSort (0ms)
			DisableScriptedObjects (16ms)
			BackupInstance (0ms)
			ReleaseScriptingObjects (0ms)
			CreateAndSetChildDomain (49ms)
		EndReloadAssembly (2052ms)
			LoadAssemblies (336ms)
			RebuildTransferFunctionScriptingTraits (0ms)
			SetupTypeCache (761ms)
			ReleaseScriptCaches (1ms)
			RebuildScriptCaches (81ms)
			SetupLoadedEditorAssemblies (695ms)
				LogAssemblyErrors (0ms)
				InitializePlatformSupportModulesInManaged (6ms)
				SetLoadedEditorAssemblies (1ms)
				RefreshPlugins (0ms)
				BeforeProcessingInitializeOnLoad (124ms)
				ProcessInitializeOnLoadAttributes (537ms)
				ProcessInitializeOnLoadMethodAttributes (14ms)
				AfterProcessingInitializeOnLoad (12ms)
				EditorAssembliesLoaded (1ms)
			ExecutionOrderSort2 (0ms)
			AwakeInstancesAfterBackupRestoration (14ms)
Platform modules already initialized, skipping
========================================================================
Worker process is ready to serve import requests
Launched and connected shader compiler UnityShaderCompiler.exe after 0.23 seconds
Refreshing native plugins compatible for Editor in 0.85 ms, found 2 plugins.
Preloading 0 native plugins for Editor in 0.00 ms.
Unloading 1504 Unused Serialized files (Serialized files now loaded: 0)
System memory in use before: 68.3 MB.
System memory in use after: 68.4 MB.

Unloading 19 unused Assets to reduce memory usage. Loaded Objects now: 1937.
Total: 11.137100 ms (FindLiveObjects: 0.820400 ms CreateObjectMapping: 0.490900 ms MarkObjects: 9.643300 ms  DeleteObjects: 0.179000 ms)

AssetImportParameters requested are different than current active one (requested -> active):
  custom:framework-win-MediaFoundation: 216162199b28c13a410421893ffa2e32 -> 
  custom:video-decoder-ogg-theora: a1e56fd34408186e4bbccfd4996cb3dc -> 
  custom:container-muxer-webm: aa71ff27fc2769a1b78a27578f13a17b -> 
  custom:container-demuxer-webm: 4f35f7cbe854078d1ac9338744f61a02 -> 
  custom:container-demuxer-ogg: 62fdf1f143b41e24485cea50d1cbac27 -> 
  custom:video-encoder-webm-vp8: eb34c28f22e8b96e1ab97ce403110664 -> 
  custom:video-codec-MediaFoundation-h265: 746d11721c4dcdbdad8f713fa42b33f4 -> 
  custom:video-decoder-webm-vp8: 9c59270c3fd7afecdb556c50c9e8de78 -> 
  custom:audio-decoder-ogg-vorbis: bf7c407c2cedff20999df2af8eb42d56 -> 
  custom:audio-encoder-webm-vorbis: bf7c407c2cedff20999df2af8eb42d56 -> 
========================================================================
Received Import Request.
  path: Assets/Enemy.cs
  artifactKey: Guid(fd409c974a2bb80428e206ee889b4eeb) Importer(815301076,1909f56bfc062723c751e8b465ee728b)
Start importing Assets/Enemy.cs using Guid(fd409c974a2bb80428e206ee889b4eeb) Importer(815301076,1909f56bfc062723c751e8b465ee728b)  -> (artifact id: 'ac70e674bd1a75e9cd283a03dc85ee82') in 0.123066 seconds 
  Import took 0.131598 seconds .

========================================================================
Received Import Request.
  Time since last request: 0.021392 seconds.
  path: Assets/Menu.unity
  artifactKey: Guid(45becc9a0ad94e54fa4777c905de14a1) Importer(815301076,1909f56bfc062723c751e8b465ee728b)
Start importing Assets/Menu.unity using Guid(45becc9a0ad94e54fa4777c905de14a1) Importer(815301076,1909f56bfc062723c751e8b465ee728b)  -> (artifact id: '70d899cebb6edb0224da5483cdb160ee') in 0.056957 seconds 
  Import took 0.065654 seconds .

========================================================================
Received Import Request.
  Time since last request: 0.023847 seconds.
  path: Assets/MainLevel.unity
  artifactKey: Guid(4ee9988c5dfc89948b0f4f9d041c7a0d) Importer(815301076,1909f56bfc062723c751e8b465ee728b)
Start importing Assets/MainLevel.unity using Guid(4ee9988c5dfc89948b0f4f9d041c7a0d) Importer(815301076,1909f56bfc062723c751e8b465ee728b)  -> (artifact id: 'f9e19bbd3f0b44fb52d945c9ee661f39') in 0.017187 seconds 
  Import took 0.023638 seconds .

========================================================================
Received Import Request.
  Time since last request: 0.018983 seconds.
  path: Assets/u DONE.unity
  artifactKey: Guid(2730d43bb9e47d347912b908a39c556f) Importer(815301076,1909f56bfc062723c751e8b465ee728b)
Start importing Assets/u DONE.unity using Guid(2730d43bb9e47d347912b908a39c556f) Importer(815301076,1909f56bfc062723c751e8b465ee728b)  -> (artifact id: '28469cbf248366f93c72cefee3438bec') in 0.016459 seconds 
  Import took 0.020151 seconds .

========================================================================
Received Import Request.
  Time since last request: 0.098015 seconds.
  path: Assets/MenuStart.cs
  artifactKey: Guid(58b9df01d16b531498e94d591e4a9898) Importer(815301076,1909f56bfc062723c751e8b465ee728b)
Start importing Assets/MenuStart.cs using Guid(58b9df01d16b531498e94d591e4a9898) Importer(815301076,1909f56bfc062723c751e8b465ee728b)  -> (artifact id: '07b11bc69ac96700ef67003ac8e7914e') in 0.014975 seconds 
  Import took 0.019063 seconds .

========================================================================
Received Import Request.
  Time since last request: 0.016320 seconds.
  path: Assets/Prefabs/Mighty_Eagle.prefab
  artifactKey: Guid(9711261372f503d4b9fef513700d014f) Importer(815301076,1909f56bfc062723c751e8b465ee728b)
Start importing Assets/Prefabs/Mighty_Eagle.prefab using Guid(9711261372f503d4b9fef513700d014f) Importer(815301076,1909f56bfc062723c751e8b465ee728b)  -> (artifact id: 'f0f12e47400ad48e7848d7169f07a061') in 0.431712 seconds 
  Import took 0.435964 seconds .

========================================================================
Received Import Request.
  Time since last request: 0.066923 seconds.
  path: Assets/Prefabs/Enemy.prefab
  artifactKey: Guid(101613d1f93a8be469359d6ab2aa2a79) Importer(815301076,1909f56bfc062723c751e8b465ee728b)
Start importing Assets/Prefabs/Enemy.prefab using Guid(101613d1f93a8be469359d6ab2aa2a79) Importer(815301076,1909f56bfc062723c751e8b465ee728b)  -> (artifact id: '08de14db90837f1ff6b9f678252e4a24') in 0.019679 seconds 
  Import took 0.023447 seconds .

========================================================================
Received Import Request.
  Time since last request: 0.029976 seconds.
  path: Assets/LevelTwo.unity
  artifactKey: Guid(03c2c29766f45154ca731a30fd95ed5b) Importer(815301076,1909f56bfc062723c751e8b465ee728b)
Start importing Assets/LevelTwo.unity using Guid(03c2c29766f45154ca731a30fd95ed5b) Importer(815301076,1909f56bfc062723c751e8b465ee728b)  -> (artifact id: 'fbdab1c5516d46dbe45861db24a0a486') in 0.010691 seconds 
  Import took 0.015357 seconds .

AssetImportWorkerClient::OnTransportError - code=2 error=End of file
